d:\microsoft visual studio-workspace\mfc_chat_client\debug\mfc_chat_client.pch
d:\microsoft visual studio-workspace\mfc_chat_client\debug\vc142.pdb
d:\microsoft visual studio-workspace\mfc_chat_client\debug\vc142.idb
d:\microsoft visual studio-workspace\mfc_chat_client\debug\pch.obj
d:\microsoft visual studio-workspace\mfc_chat_client\debug\mfc_chat_clientdlg.obj
d:\microsoft visual studio-workspace\mfc_chat_client\debug\mfc_chat_client.obj
d:\microsoft visual studio-workspace\mfc_chat_client\debug\jsoncpp.obj
d:\microsoft visual studio-workspace\mfc_chat_client\debug\dto_chatlist.obj
d:\microsoft visual studio-workspace\mfc_chat_client\debug\cformsignup.obj
d:\microsoft visual studio-workspace\mfc_chat_client\debug\cformsignin.obj
d:\microsoft visual studio-workspace\mfc_chat_client\debug\cformchatlistuser.obj
d:\microsoft visual studio-workspace\mfc_chat_client\debug\cformchatlist.obj
d:\microsoft visual studio-workspace\mfc_chat_client\debug\cformchat.obj
d:\microsoft visual studio-workspace\mfc_chat_client\debug\cconnectsocket.obj
d:\microsoft visual studio-workspace\mfc_chat_client\debug\mfc_chat_client.ilk
d:\microsoft visual studio-workspace\mfc_chat_client\debug\mfc_chat_client.exe
d:\microsoft visual studio-workspace\mfc_chat_client\debug\mfc_chat_client.pdb
d:\microsoft visual studio-workspace\mfc_chat_client\debug\mfcchatclient.res
d:\microsoft visual studio-workspace\mfc_chat_client\debug\mfc_chat_client.tlog\cl.command.1.tlog
d:\microsoft visual studio-workspace\mfc_chat_client\debug\mfc_chat_client.tlog\cl.read.1.tlog
d:\microsoft visual studio-workspace\mfc_chat_client\debug\mfc_chat_client.tlog\cl.write.1.tlog
d:\microsoft visual studio-workspace\mfc_chat_client\debug\mfc_chat_client.tlog\link.command.1.tlog
d:\microsoft visual studio-workspace\mfc_chat_client\debug\mfc_chat_client.tlog\link.read.1.tlog
d:\microsoft visual studio-workspace\mfc_chat_client\debug\mfc_chat_client.tlog\link.write.1.tlog
d:\microsoft visual studio-workspace\mfc_chat_client\debug\mfc_chat_client.tlog\rc.command.1.tlog
d:\microsoft visual studio-workspace\mfc_chat_client\debug\mfc_chat_client.tlog\rc.read.1.tlog
d:\microsoft visual studio-workspace\mfc_chat_client\debug\mfc_chat_client.tlog\rc.write.1.tlog
